<?xml version="1.0" encoding="UTF-8"?>
<testsuite xmlns:xsi="http://www.w3.org/2001/XMLSchema-instance" xsi:noNamespaceSchemaLocation="https://maven.apache.org/surefire/maven-surefire-plugin/xsd/surefire-test-report-3.0.xsd" version="3.0" name="ApplicationTest" time="0.463" tests="13" errors="0" skipped="0" failures="0">
  <properties>
[...]
</properties>
  <testcase name="testSettings" classname="ApplicationTest" time="0.008"/>
  <testcase name="testPlaylist" classname="ApplicationTest" time="0.001"/>
  <testcase name="testAdmin" classname="ApplicationTest" time="0.0"/>
  <testcase name="testAlbum" classname="ApplicationTest" time="0.001"/>
  <testcase name="testMusic" classname="ApplicationTest" time="0.0"/>
  <testcase name="testUsers" classname="ApplicationTest" time="0.004"/>
  <testcase name="testLibrary" classname="ApplicationTest" time="0.0"/>
  <testcase name="testSubscriptionEntity" classname="ApplicationTest" time="0.0"/>
  <testcase name="testManager" classname="ApplicationTest" time="0.252">
    <system-out><![CDATA[Exception is ОШИБКА: столбец "nonexistentpassword" не существует
  Позиция: 43
]]></system-out>
  </testcase>
  <testcase name="testAcquiringAudioManager" classname="ApplicationTest" time="0.031">
    <system-out><![CDATA[Exception is ОШИБКА: столбец "nonexistentmusic" не существует
  Позиция: 31
]]></system-out>
  </testcase>
  <testcase name="testSearcher" classname="ApplicationTest" time="0.122">
    <system-out><![CDATA[Exception is Запрос не вернул результатов.
Exception is Запрос не вернул результатов.
]]></system-out>
  </testcase>
  <testcase name="testReview" classname="ApplicationTest" time="0.0"/>
  <testcase name="testPlaybackHistory" classname="ApplicationTest" time="0.0"/>
</testsuite>